<?xml version="1.0" encoding="UTF-8" standalone="yes" ?>
<part name="test-point" prefix="TP">
    <desc>Test Point</desc>
    <layout name="pad-4"/>
</part>
